2024-06-10 20:41:50.578  INFO 36236 --- [restartedMain] com.simple.photo.SimpleApplication       : Starting SimpleApplication using Java 17.0.9 with PID 36236 (C:\Users\kimbo\spring\simple\bin\main started by kimbo in C:\Users\kimbo\spring\simple)
2024-06-10 20:41:50.587  INFO 36236 --- [restartedMain] com.simple.photo.SimpleApplication       : No active profile set, falling back to 1 default profile: "default"
2024-06-10 20:41:50.965  INFO 36236 --- [restartedMain] .e.DevToolsPropertyDefaultsPostProcessor : Devtools property defaults active! Set 'spring.devtools.add-properties' to 'false' to disable
2024-06-10 20:41:50.965  INFO 36236 --- [restartedMain] .e.DevToolsPropertyDefaultsPostProcessor : For additional web related logging consider setting the 'logging.level.web' property to 'DEBUG'
2024-06-10 20:41:52.101  INFO 36236 --- [restartedMain] .s.d.r.c.RepositoryConfigurationDelegate : Bootstrapping Spring Data JPA repositories in DEFAULT mode.
2024-06-10 20:41:52.185  INFO 36236 --- [restartedMain] .s.d.r.c.RepositoryConfigurationDelegate : Finished Spring Data repository scanning in 71 ms. Found 2 JPA repository interfaces.
2024-06-10 20:41:53.005  INFO 36236 --- [restartedMain] o.s.b.w.embedded.tomcat.TomcatWebServer  : Tomcat initialized with port 8080 (http)
2024-06-10 20:41:53.024  INFO 36236 --- [restartedMain] o.apache.catalina.core.StandardService   : Starting service [Tomcat]
2024-06-10 20:41:53.024  INFO 36236 --- [restartedMain] o.apache.catalina.core.StandardEngine    : Starting Servlet engine: [Apache Tomcat/10.1.24]
2024-06-10 20:41:53.146  INFO 36236 --- [restartedMain] o.a.c.c.C.[Tomcat].[localhost].[/]       : Initializing Spring embedded WebApplicationContext
2024-06-10 20:41:53.147  INFO 36236 --- [restartedMain] w.s.c.ServletWebServerApplicationContext : Root WebApplicationContext: initialization completed in 2181 ms
2024-06-10 20:41:53.366  INFO 36236 --- [restartedMain] o.hibernate.jpa.internal.util.LogHelper  : HHH000204: Processing PersistenceUnitInfo [name: default]
2024-06-10 20:41:53.521  INFO 36236 --- [restartedMain] org.hibernate.Version                    : HHH000412: Hibernate ORM core version 6.5.2.Final
2024-06-10 20:41:53.593  INFO 36236 --- [restartedMain] o.h.c.internal.RegionFactoryInitiator    : HHH000026: Second-level cache disabled
2024-06-10 20:41:54.182  INFO 36236 --- [restartedMain] o.s.o.j.p.SpringPersistenceUnitInfo      : No LoadTimeWeaver setup: ignoring JPA class transformer
2024-06-10 20:41:54.241  INFO 36236 --- [restartedMain] com.zaxxer.hikari.HikariDataSource       : HikariPool-1 - Starting...
2024-06-10 20:41:54.648  INFO 36236 --- [restartedMain] com.zaxxer.hikari.pool.HikariPool        : HikariPool-1 - Added connection com.mysql.cj.jdbc.ConnectionImpl@6a0cb0e0
2024-06-10 20:41:54.651  INFO 36236 --- [restartedMain] com.zaxxer.hikari.HikariDataSource       : HikariPool-1 - Start completed.
2024-06-10 20:41:54.768  WARN 36236 --- [restartedMain] org.hibernate.orm.deprecation            : HHH90000025: MySQL8Dialect does not need to be specified explicitly using 'hibernate.dialect' (remove the property setting and it will be selected by default)
2024-06-10 20:41:54.771  WARN 36236 --- [restartedMain] org.hibernate.orm.deprecation            : HHH90000026: MySQL8Dialect has been deprecated; use org.hibernate.dialect.MySQLDialect instead
2024-06-10 20:41:56.251  INFO 36236 --- [restartedMain] o.h.e.t.j.p.i.JtaPlatformInitiator       : HHH000489: No JTA platform available (set 'hibernate.transaction.jta.platform' to enable JTA platform integration)
2024-06-10 20:41:56.515  INFO 36236 --- [restartedMain] j.LocalContainerEntityManagerFactoryBean : Initialized JPA EntityManagerFactory for persistence unit 'default'
2024-06-10 20:41:56.896  WARN 36236 --- [restartedMain] JpaBaseConfiguration$JpaWebConfiguration : spring.jpa.open-in-view is enabled by default. Therefore, database queries may be performed during view rendering. Explicitly configure spring.jpa.open-in-view to disable this warning
2024-06-10 20:41:57.507  INFO 36236 --- [restartedMain] o.s.b.d.a.OptionalLiveReloadServer       : LiveReload server is running on port 35729
2024-06-10 20:41:57.557  INFO 36236 --- [restartedMain] o.s.b.w.embedded.tomcat.TomcatWebServer  : Tomcat started on port 8080 (http) with context path '/'
2024-06-10 20:41:57.565  INFO 36236 --- [restartedMain] com.simple.photo.SimpleApplication       : Started SimpleApplication in 7.654 seconds (process running for 8.891)
2024-06-10 20:42:14.415  INFO 36236 --- [http-nio-8080-exec-1] o.a.c.c.C.[Tomcat].[localhost].[/]       : Initializing Spring DispatcherServlet 'dispatcherServlet'
2024-06-10 20:42:14.415  INFO 36236 --- [http-nio-8080-exec-1] o.s.web.servlet.DispatcherServlet        : Initializing Servlet 'dispatcherServlet'
2024-06-10 20:42:14.417  INFO 36236 --- [http-nio-8080-exec-1] o.s.web.servlet.DispatcherServlet        : Completed initialization in 0 ms
2024-06-10 22:35:41.385  INFO 36236 --- [RMI TCP Connection(124)-127.0.0.1] inMXBeanRegistrar$SpringApplicationAdmin : Application shutdown requested.
2024-06-10 22:35:41.448  INFO 36236 --- [RMI TCP Connection(124)-127.0.0.1] j.LocalContainerEntityManagerFactoryBean : Closing JPA EntityManagerFactory for persistence unit 'default'
2024-06-10 22:35:41.461  INFO 36236 --- [RMI TCP Connection(124)-127.0.0.1] com.zaxxer.hikari.HikariDataSource       : HikariPool-1 - Shutdown initiated...
2024-06-10 22:35:41.510  INFO 36236 --- [RMI TCP Connection(124)-127.0.0.1] com.zaxxer.hikari.HikariDataSource       : HikariPool-1 - Shutdown completed.
